<?xml version="1.0" encoding="UTF-8"?>
<!-- Generated by org.testng.reporters.JUnitReportReporter -->
<testsuite hostname="macbook.dellroad.org" name="org.dellroad.stuff.io.StreamsTest" tests="1" failures="0" timestamp="16 Apr 2012 22:32:25 GMT" time="0.181" errors="0">
  <testcase name="testStreams" time="0.181" classname="org.dellroad.stuff.io.StreamsTest"/>
</testsuite>
