<?xml version="1.0" encoding="UTF-8"?>
<!-- Generated by org.testng.reporters.JUnitReportReporter -->
<testsuite hostname="retina.dellroad.org" name="org.dellroad.stuff.java.ProcessRunnerTest" tests="1" failures="0" timestamp="27 Nov 2012 18:52:17 GMT" time="0.028" errors="0">
  <testcase name="testProcessRunner" time="0.028" classname="org.dellroad.stuff.java.ProcessRunnerTest"/>
</testsuite>
