<?xml version="1.0" encoding="UTF-8"?>
<!-- Generated by org.testng.reporters.JUnitReportReporter -->
<testsuite hostname="macbook.dellroad.org" name="org.dellroad.stuff.java.IdGeneratorTest" tests="1" failures="0" timestamp="16 Apr 2012 22:32:25 GMT" time="0.067" errors="0">
  <testcase name="testIdGenerator" time="0.067" classname="org.dellroad.stuff.java.IdGeneratorTest"/>
</testsuite>
