<?xml version="1.0" encoding="UTF-8"?>
<!-- Generated by org.testng.reporters.JUnitReportReporter -->
<testsuite hostname="ecx.dellroad.org" name="org.dellroad.stuff.validation.SelfValidatingTest" tests="1" failures="0" timestamp="21 Oct 2011 19:42:35 GMT" time="0.037" errors="0">
  <testcase name="testValidation" time="0.037" classname="org.dellroad.stuff.validation.SelfValidatingTest"/>
</testsuite>
