<?xml version="1.0" encoding="UTF-8"?>
<!-- Generated by org.testng.reporters.JUnitReportReporter -->
<testsuite hostname="macbook.dellroad.org" name="org.dellroad.stuff.io.AsyncInputStreamTest" tests="1" failures="0" timestamp="18 Jan 2012 16:34:46 GMT" time="0.152" errors="0">
  <testcase name="testAsyncInputStream" time="0.152" classname="org.dellroad.stuff.io.AsyncInputStreamTest"/>
</testsuite>
