<?xml version="1.0" encoding="UTF-8"?>
<!-- Generated by org.testng.reporters.JUnitReportReporter -->
<testsuite hostname="macbook.dellroad.org" name="org.dellroad.stuff.pobj.PersistentObjectTest" tests="2" failures="0" timestamp="27 Apr 2012 14:47:51 GMT" time="0.992" errors="0">
  <testcase name="testBasic" time="0.241" classname="org.dellroad.stuff.pobj.PersistentObjectTest"/>
  <testcase name="testErrorUpdate" time="0.751" classname="org.dellroad.stuff.pobj.PersistentObjectTest"/>
</testsuite>
