<?xml version="1.0" encoding="UTF-8"?>
<!-- Generated by org.testng.reporters.JUnitReportReporter -->
<testsuite hostname="ecx.dellroad.org" name="org.dellroad.stuff.validation.SelfValidatingTest" tests="1" failures="0" timestamp="20 Feb 2011 21:56:17 GMT" time="0.050" errors="0">
  <testcase name="testValidation" time="0.050" classname="org.dellroad.stuff.validation.SelfValidatingTest"/>
</testsuite>
