<?xml version="1.0" encoding="UTF-8"?>
<!-- Generated by org.testng.reporters.JUnitReportReporter -->
<testsuite hostname="ecx.dellroad.org" name="org.dellroad.stuff.validation.SelfValidatingTest" tests="1" failures="0" timestamp="25 Apr 2011 20:26:54 GMT" time="0.082" errors="0">
  <testcase name="testValidation" time="0.082" classname="org.dellroad.stuff.validation.SelfValidatingTest"/>
</testsuite>
