<?xml version="1.0" encoding="UTF-8"?>
<!-- Generated by org.testng.reporters.JUnitReportReporter -->
<testsuite hostname="macbook.dellroad.org" name="org.dellroad.stuff.io.HardLinkTest" tests="1" failures="0" timestamp="16 Apr 2012 22:32:25 GMT" time="0.167" errors="0">
  <testcase name="testHardLink" time="0.167" classname="org.dellroad.stuff.io.HardLinkTest"/>
</testsuite>
