<?xml version="1.0" encoding="UTF-8"?>
<!-- Generated by org.testng.reporters.JUnitReportReporter -->
<testsuite hostname="ecx.dellroad.org" name="org.dellroad.stuff.validation.SelfValidatingTest" tests="1" failures="0" timestamp="31 Oct 2011 18:03:09 GMT" time="0.047" errors="0">
  <testcase name="testValidation" time="0.047" classname="org.dellroad.stuff.validation.SelfValidatingTest"/>
</testsuite>
