<?xml version="1.0" encoding="UTF-8"?>
<!-- Generated by org.testng.reporters.JUnitReportReporter -->
<testsuite hostname="macbook.dellroad.org" name="org.dellroad.stuff.jibx.IdMapperTest" tests="2" failures="0" timestamp="26 Mar 2012 22:26:11 GMT" time="0.039" errors="0">
  <testcase name="testIdMapper2" time="0.004" classname="org.dellroad.stuff.jibx.IdMapperTest"/>
  <testcase name="testIdMapper1" time="0.035" classname="org.dellroad.stuff.jibx.IdMapperTest"/>
</testsuite>
