<?xml version="1.0" encoding="UTF-8"?>
<!-- Generated by org.testng.reporters.JUnitReportReporter -->
<testsuite hostname="macbook.dellroad.org" name="org.dellroad.stuff.io.StreamsTest" tests="1" failures="0" timestamp="18 Jan 2012 16:34:46 GMT" time="0.113" errors="0">
  <testcase name="testStreams" time="0.113" classname="org.dellroad.stuff.io.StreamsTest"/>
</testsuite>
