<?xml version="1.0" encoding="UTF-8"?>
<!-- Generated by org.testng.reporters.JUnitReportReporter -->
<testsuite hostname="macbook.dellroad.org" name="org.dellroad.stuff.pobj.PersistentObjectTest" tests="2" failures="0" timestamp="9 Jun 2012 15:25:10 GMT" time="1.237" errors="0">
  <testcase name="testBasic" time="0.334" classname="org.dellroad.stuff.pobj.PersistentObjectTest"/>
  <testcase name="testErrorUpdate" time="0.903" classname="org.dellroad.stuff.pobj.PersistentObjectTest"/>
</testsuite>
