<?xml version="1.0" encoding="UTF-8"?>
<!-- Generated by org.testng.reporters.JUnitReportReporter -->
<testsuite hostname="ecx.dellroad.org" name="org.dellroad.stuff.string.ByteArrayEncoderTest" tests="14" failures="0" timestamp="12 Oct 2011 14:41:06 GMT" time="0.003" errors="0">
  <testcase name="testByteArrayEncoding" time="0.000" classname="org.dellroad.stuff.string.ByteArrayEncoderTest"/>
  <testcase name="testByteArrayEncoding" time="0.001" classname="org.dellroad.stuff.string.ByteArrayEncoderTest"/>
  <testcase name="testByteArrayEncoding" time="0.000" classname="org.dellroad.stuff.string.ByteArrayEncoderTest"/>
  <testcase name="testByteArrayEncoding" time="0.000" classname="org.dellroad.stuff.string.ByteArrayEncoderTest"/>
  <testcase name="testByteArrayEncoding" time="0.000" classname="org.dellroad.stuff.string.ByteArrayEncoderTest"/>
  <testcase name="testByteArrayEncoding" time="0.001" classname="org.dellroad.stuff.string.ByteArrayEncoderTest"/>
  <testcase name="testByteArrayEncoding" time="0.000" classname="org.dellroad.stuff.string.ByteArrayEncoderTest"/>
  <testcase name="testByteArrayEncoding" time="0.000" classname="org.dellroad.stuff.string.ByteArrayEncoderTest"/>
  <testcase name="testByteArrayEncoding" time="0.000" classname="org.dellroad.stuff.string.ByteArrayEncoderTest"/>
  <testcase name="testByteArrayEncoding" time="0.000" classname="org.dellroad.stuff.string.ByteArrayEncoderTest"/>
  <testcase name="testByteArrayEncoding" time="0.000" classname="org.dellroad.stuff.string.ByteArrayEncoderTest"/>
  <testcase name="testByteArrayEncoding" time="0.000" classname="org.dellroad.stuff.string.ByteArrayEncoderTest"/>
  <testcase name="testByteArrayEncoding" time="0.000" classname="org.dellroad.stuff.string.ByteArrayEncoderTest"/>
  <testcase name="testByteArrayEncoding" time="0.001" classname="org.dellroad.stuff.string.ByteArrayEncoderTest"/>
</testsuite>
