<?xml version="1.0" encoding="UTF-8"?>
<!-- Generated by org.testng.reporters.JUnitReportReporter -->
<testsuite hostname="retina.dellroad.org" name="org.dellroad.stuff.jibx.IdMapperTest" tests="2" failures="0" timestamp="19 Oct 2012 21:51:05 GMT" time="0.028" errors="0">
  <testcase name="testIdMapper1" time="0.026" classname="org.dellroad.stuff.jibx.IdMapperTest"/>
  <testcase name="testIdMapper2" time="0.002" classname="org.dellroad.stuff.jibx.IdMapperTest"/>
</testsuite>
