<?xml version="1.0" encoding="UTF-8"?>
<!-- Generated by org.testng.reporters.JUnitReportReporter -->
<testsuite hostname="macbook.dellroad.org" name="org.dellroad.stuff.pobj.PersistentObjectTest" tests="2" failures="0" timestamp="26 Mar 2012 22:26:11 GMT" time="1.009" errors="0">
  <testcase name="testErrorUpdate" time="0.730" classname="org.dellroad.stuff.pobj.PersistentObjectTest"/>
  <testcase name="testBasic" time="0.279" classname="org.dellroad.stuff.pobj.PersistentObjectTest"/>
</testsuite>
