<?xml version="1.0" encoding="UTF-8"?>
<!-- Generated by org.testng.reporters.JUnitReportReporter -->
<testsuite hostname="ecx.dellroad.org" name="org.dellroad.stuff.validation.SelfValidatingTest" tests="1" failures="0" timestamp="19 Apr 2011 17:47:01 GMT" time="0.070" errors="0">
  <testcase name="testValidation" time="0.070" classname="org.dellroad.stuff.validation.SelfValidatingTest"/>
</testsuite>
