<?xml version="1.0" encoding="UTF-8"?>
<!-- Generated by org.testng.reporters.JUnitReportReporter -->
<testsuite hostname="macbook.dellroad.org" name="org.dellroad.stuff.jibx.IdMapperTest" tests="2" failures="0" timestamp="9 Jun 2012 15:25:10 GMT" time="0.037" errors="0">
  <testcase name="testIdMapper2" time="0.003" classname="org.dellroad.stuff.jibx.IdMapperTest"/>
  <testcase name="testIdMapper1" time="0.034" classname="org.dellroad.stuff.jibx.IdMapperTest"/>
</testsuite>
