<?xml version="1.0" encoding="UTF-8"?>
<!-- Generated by org.testng.reporters.JUnitReportReporter -->
<testsuite hostname="ecx.dellroad.org" name="org.dellroad.stuff.validation.SelfValidatingTest" tests="1" failures="0" timestamp="10 Mar 2011 15:36:25 GMT" time="0.041" errors="0">
  <testcase name="testValidation" time="0.041" classname="org.dellroad.stuff.validation.SelfValidatingTest"/>
</testsuite>
