<?xml version="1.0" encoding="UTF-8"?>
<!-- Generated by org.testng.reporters.JUnitReportReporter -->
<testsuite hostname="macbook.dellroad.org" name="org.dellroad.stuff.schema.SchemaUpdateTest" tests="5" failures="0" timestamp="26 Mar 2012 22:26:11 GMT" time="0.532" errors="0">
  <testcase name="testUnexpectedSchemaUpdate" time="0.050" classname="org.dellroad.stuff.schema.SchemaUpdateTest"/>
  <testcase name="testBasicSchemaUpdate" time="0.107" classname="org.dellroad.stuff.schema.SchemaUpdateTest"/>
  <testcase name="testInitializeSchemaUpdate" time="0.048" classname="org.dellroad.stuff.schema.SchemaUpdateTest"/>
  <testcase name="testMultiActionSchemaUpdate" time="0.137" classname="org.dellroad.stuff.schema.SchemaUpdateTest"/>
  <testcase name="testEmptySchemaUpdate" time="0.190" classname="org.dellroad.stuff.schema.SchemaUpdateTest"/>
</testsuite>
