<?xml version="1.0" encoding="UTF-8"?>
<!-- Generated by org.testng.reporters.JUnitReportReporter -->
<testsuite hostname="macbook.dellroad.org" name="org.dellroad.stuff.java.IdGeneratorTest" tests="1" failures="0" timestamp="31 Jan 2012 00:01:08 GMT" time="0.094" errors="0">
  <testcase name="testIdGenerator" time="0.094" classname="org.dellroad.stuff.java.IdGeneratorTest"/>
</testsuite>
