<?xml version="1.0" encoding="UTF-8"?>
<!-- Generated by org.testng.reporters.JUnitReportReporter -->
<testsuite hostname="retina.dellroad.org" name="org.dellroad.stuff.io.HardLinkTest" tests="1" failures="0" timestamp="28 Aug 2012 19:48:15 GMT" time="0.050" errors="0">
  <testcase name="testHardLink" time="0.050" classname="org.dellroad.stuff.io.HardLinkTest"/>
</testsuite>
