<?xml version="1.0" encoding="UTF-8"?>
<!-- Generated by org.testng.reporters.JUnitReportReporter -->
<testsuite hostname="macbook.dellroad.org" name="org.dellroad.stuff.string.StringEncoderTest" tests="38" failures="0" timestamp="31 Jan 2012 00:01:08 GMT" time="0.008" errors="0">
  <testcase name="testStringEncode" time="0.002" classname="org.dellroad.stuff.string.StringEncoderTest"/>
  <testcase name="testEnquotedLength" time="0.000" classname="org.dellroad.stuff.string.StringEncoderTest"/>
  <testcase name="testStringEnquote" time="0.001" classname="org.dellroad.stuff.string.StringEncoderTest"/>
  <testcase name="testStringEnquote" time="0.000" classname="org.dellroad.stuff.string.StringEncoderTest"/>
  <testcase name="testStringEncode" time="0.000" classname="org.dellroad.stuff.string.StringEncoderTest"/>
  <testcase name="testStringEncode" time="0.000" classname="org.dellroad.stuff.string.StringEncoderTest"/>
  <testcase name="testStringEncode" time="0.000" classname="org.dellroad.stuff.string.StringEncoderTest"/>
  <testcase name="testStringEnquote" time="0.000" classname="org.dellroad.stuff.string.StringEncoderTest"/>
  <testcase name="testStringEncode" time="0.000" classname="org.dellroad.stuff.string.StringEncoderTest"/>
  <testcase name="testStringEncode" time="0.000" classname="org.dellroad.stuff.string.StringEncoderTest"/>
  <testcase name="testStringEncode" time="0.000" classname="org.dellroad.stuff.string.StringEncoderTest"/>
  <testcase name="testStringEncode" time="0.000" classname="org.dellroad.stuff.string.StringEncoderTest"/>
  <testcase name="testEnquotedLength" time="0.000" classname="org.dellroad.stuff.string.StringEncoderTest"/>
  <testcase name="testStringEncode" time="0.001" classname="org.dellroad.stuff.string.StringEncoderTest"/>
  <testcase name="testStringEncode" time="0.000" classname="org.dellroad.stuff.string.StringEncoderTest"/>
  <testcase name="testStringEncode" time="0.000" classname="org.dellroad.stuff.string.StringEncoderTest"/>
  <testcase name="testStringEncode" time="0.001" classname="org.dellroad.stuff.string.StringEncoderTest"/>
  <testcase name="testEnquotedLength" time="0.000" classname="org.dellroad.stuff.string.StringEncoderTest"/>
  <testcase name="testStringEncode" time="0.001" classname="org.dellroad.stuff.string.StringEncoderTest"/>
  <testcase name="testStringEncode" time="0.000" classname="org.dellroad.stuff.string.StringEncoderTest"/>
  <testcase name="testEnquotedLength" time="0.000" classname="org.dellroad.stuff.string.StringEncoderTest"/>
  <testcase name="testStringEnquote" time="0.001" classname="org.dellroad.stuff.string.StringEncoderTest"/>
  <testcase name="testEnquotedLength" time="0.000" classname="org.dellroad.stuff.string.StringEncoderTest"/>
  <testcase name="testStringEnquote" time="0.000" classname="org.dellroad.stuff.string.StringEncoderTest"/>
  <testcase name="testStringEncode" time="0.000" classname="org.dellroad.stuff.string.StringEncoderTest"/>
  <testcase name="testEnquotedLength" time="0.000" classname="org.dellroad.stuff.string.StringEncoderTest"/>
  <testcase name="testStringEnquote" time="0.000" classname="org.dellroad.stuff.string.StringEncoderTest"/>
  <testcase name="testStringEnquote" time="0.000" classname="org.dellroad.stuff.string.StringEncoderTest"/>
  <testcase name="testStringEncode" time="0.000" classname="org.dellroad.stuff.string.StringEncoderTest"/>
  <testcase name="testEnquotedLength" time="0.001" classname="org.dellroad.stuff.string.StringEncoderTest"/>
  <testcase name="testStringEncode" time="0.000" classname="org.dellroad.stuff.string.StringEncoderTest"/>
  <testcase name="testStringEnquote" time="0.000" classname="org.dellroad.stuff.string.StringEncoderTest"/>
  <testcase name="testStringEncode" time="0.000" classname="org.dellroad.stuff.string.StringEncoderTest"/>
  <testcase name="testStringEncode" time="0.000" classname="org.dellroad.stuff.string.StringEncoderTest"/>
  <testcase name="testEnquotedLength" time="0.000" classname="org.dellroad.stuff.string.StringEncoderTest"/>
  <testcase name="testStringEncode" time="0.000" classname="org.dellroad.stuff.string.StringEncoderTest"/>
  <testcase name="testStringEncode" time="0.000" classname="org.dellroad.stuff.string.StringEncoderTest"/>
  <testcase name="testStringEncode" time="0.000" classname="org.dellroad.stuff.string.StringEncoderTest"/>
</testsuite>
