<?xml version="1.0" encoding="UTF-8"?>
<!-- Generated by org.testng.reporters.JUnitReportReporter -->
<testsuite hostname="macbook.dellroad.org" name="org.dellroad.stuff.string.SimpleObjectParserTest" tests="12" failures="0" timestamp="31 Jan 2012 00:01:08 GMT" time="0.006" errors="0">
  <testcase name="testNamedGroupParse" time="0.001" classname="org.dellroad.stuff.string.SimpleObjectParserTest"/>
  <testcase name="testParse" time="0.000" classname="org.dellroad.stuff.string.SimpleObjectParserTest"/>
  <testcase name="testNamedGroupParse" time="0.001" classname="org.dellroad.stuff.string.SimpleObjectParserTest"/>
  <testcase name="testNamedGroupParse" time="0.000" classname="org.dellroad.stuff.string.SimpleObjectParserTest"/>
  <testcase name="testNamedGroupParse" time="0.001" classname="org.dellroad.stuff.string.SimpleObjectParserTest"/>
  <testcase name="testNamedGroupParse" time="0.001" classname="org.dellroad.stuff.string.SimpleObjectParserTest"/>
  <testcase name="testParse" time="0.001" classname="org.dellroad.stuff.string.SimpleObjectParserTest"/>
  <testcase name="testNamedGroupParse" time="0.001" classname="org.dellroad.stuff.string.SimpleObjectParserTest"/>
  <testcase name="testParse" time="0.000" classname="org.dellroad.stuff.string.SimpleObjectParserTest"/>
  <testcase name="testNamedGroupParse" time="0.000" classname="org.dellroad.stuff.string.SimpleObjectParserTest"/>
  <testcase name="testNamedGroupParse" time="0.000" classname="org.dellroad.stuff.string.SimpleObjectParserTest"/>
  <testcase name="testParse" time="0.000" classname="org.dellroad.stuff.string.SimpleObjectParserTest"/>
</testsuite>
