<?xml version="1.0" encoding="UTF-8"?>
<!-- Generated by org.testng.reporters.JUnitReportReporter -->
<testsuite hostname="macbook.dellroad.org" name="org.dellroad.stuff.jibx.ParseUtilTest" tests="27" failures="0" timestamp="29 Jun 2012 23:49:51 GMT" time="0.052" errors="0">
  <testcase name="testParse" time="0.002" classname="org.dellroad.stuff.jibx.ParseUtilTest"/>
  <testcase name="testParse" time="0.000" classname="org.dellroad.stuff.jibx.ParseUtilTest"/>
  <testcase name="testParse" time="0.000" classname="org.dellroad.stuff.jibx.ParseUtilTest"/>
  <testcase name="testParse" time="0.001" classname="org.dellroad.stuff.jibx.ParseUtilTest"/>
  <testcase name="testParse" time="0.001" classname="org.dellroad.stuff.jibx.ParseUtilTest"/>
  <testcase name="testParse" time="0.001" classname="org.dellroad.stuff.jibx.ParseUtilTest"/>
  <testcase name="testParse" time="0.000" classname="org.dellroad.stuff.jibx.ParseUtilTest"/>
  <testcase name="testParse" time="0.000" classname="org.dellroad.stuff.jibx.ParseUtilTest"/>
  <testcase name="testParse" time="0.012" classname="org.dellroad.stuff.jibx.ParseUtilTest"/>
  <testcase name="testParse" time="0.001" classname="org.dellroad.stuff.jibx.ParseUtilTest"/>
  <testcase name="testParse" time="0.001" classname="org.dellroad.stuff.jibx.ParseUtilTest"/>
  <testcase name="testParse" time="0.001" classname="org.dellroad.stuff.jibx.ParseUtilTest"/>
  <testcase name="testParse" time="0.001" classname="org.dellroad.stuff.jibx.ParseUtilTest"/>
  <testcase name="testParse" time="0.000" classname="org.dellroad.stuff.jibx.ParseUtilTest"/>
  <testcase name="testParse" time="0.001" classname="org.dellroad.stuff.jibx.ParseUtilTest"/>
  <testcase name="testParse" time="0.000" classname="org.dellroad.stuff.jibx.ParseUtilTest"/>
  <testcase name="testParse" time="0.000" classname="org.dellroad.stuff.jibx.ParseUtilTest"/>
  <testcase name="testParse" time="0.001" classname="org.dellroad.stuff.jibx.ParseUtilTest"/>
  <testcase name="testParse" time="0.020" classname="org.dellroad.stuff.jibx.ParseUtilTest"/>
  <testcase name="testParse" time="0.001" classname="org.dellroad.stuff.jibx.ParseUtilTest"/>
  <testcase name="testParse" time="0.000" classname="org.dellroad.stuff.jibx.ParseUtilTest"/>
  <testcase name="testParse" time="0.001" classname="org.dellroad.stuff.jibx.ParseUtilTest"/>
  <testcase name="testParse" time="0.001" classname="org.dellroad.stuff.jibx.ParseUtilTest"/>
  <testcase name="testParse" time="0.000" classname="org.dellroad.stuff.jibx.ParseUtilTest"/>
  <testcase name="testParse" time="0.000" classname="org.dellroad.stuff.jibx.ParseUtilTest"/>
  <testcase name="testParse" time="0.000" classname="org.dellroad.stuff.jibx.ParseUtilTest"/>
  <testcase name="testParse" time="0.006" classname="org.dellroad.stuff.jibx.ParseUtilTest"/>
</testsuite>
