<?xml version="1.0" encoding="UTF-8"?>
<!-- Generated by org.testng.reporters.JUnitReportReporter -->
<testsuite hostname="macbook.dellroad.org" name="org.dellroad.stuff.io.StreamsTest" tests="1" failures="0" timestamp="29 Jun 2012 23:49:51 GMT" time="0.028" errors="0">
  <testcase name="testStreams" time="0.028" classname="org.dellroad.stuff.io.StreamsTest"/>
</testsuite>
