<?xml version="1.0" encoding="UTF-8"?>
<!-- Generated by org.testng.reporters.JUnitReportReporter -->
<testsuite hostname="macbook.dellroad.org" name="org.dellroad.stuff.pobj.PersistentObjectTest" tests="2" failures="0" timestamp="18 Jan 2012 16:34:46 GMT" time="0.968" errors="0">
  <testcase name="testBasic" time="0.236" classname="org.dellroad.stuff.pobj.PersistentObjectTest"/>
  <testcase name="testErrorUpdate" time="0.732" classname="org.dellroad.stuff.pobj.PersistentObjectTest"/>
</testsuite>
