<?xml version="1.0" encoding="UTF-8"?>
<!-- Generated by org.testng.reporters.JUnitReportReporter -->
<testsuite hostname="ecx.dellroad.org" name="org.dellroad.stuff.io.StreamsTest" tests="1" failures="0" timestamp="24 Oct 2011 20:45:56 GMT" time="0.072" errors="0">
  <testcase name="testStreams" time="0.072" classname="org.dellroad.stuff.io.StreamsTest"/>
</testsuite>
