<?xml version="1.0" encoding="UTF-8"?>
<!-- Generated by org.testng.reporters.JUnitReportReporter -->
<testsuite hostname="macbook.dellroad.org" name="org.dellroad.stuff.java.IdGeneratorTest" tests="1" failures="0" timestamp="26 Mar 2012 22:26:11 GMT" time="0.062" errors="0">
  <testcase name="testIdGenerator" time="0.062" classname="org.dellroad.stuff.java.IdGeneratorTest"/>
</testsuite>
