<?xml version="1.0" encoding="UTF-8"?>
<!-- Generated by org.testng.reporters.JUnitReportReporter -->
<testsuite hostname="macbook.dellroad.org" name="org.dellroad.stuff.java.IdGeneratorTest" tests="1" failures="0" timestamp="27 Apr 2012 14:47:51 GMT" time="0.063" errors="0">
  <testcase name="testIdGenerator" time="0.063" classname="org.dellroad.stuff.java.IdGeneratorTest"/>
</testsuite>
