<?xml version="1.0" encoding="UTF-8"?>
<!-- Generated by org.testng.reporters.JUnitReportReporter -->
<testsuite hostname="ecx.dellroad.org" name="org.dellroad.stuff.string.ByteArrayEncoderTest" tests="14" failures="0" timestamp="10 May 2011 16:42:59 GMT" time="0.002" errors="0">
  <testcase name="testByteArrayEncoding" time="0.000" classname="org.dellroad.stuff.string.ByteArrayEncoderTest"/>
  <testcase name="testByteArrayEncoding" time="0.001" classname="org.dellroad.stuff.string.ByteArrayEncoderTest"/>
  <testcase name="testByteArrayEncoding" time="0.000" classname="org.dellroad.stuff.string.ByteArrayEncoderTest"/>
  <testcase name="testByteArrayEncoding" time="0.000" classname="org.dellroad.stuff.string.ByteArrayEncoderTest"/>
  <testcase name="testByteArrayEncoding" time="0.000" classname="org.dellroad.stuff.string.ByteArrayEncoderTest"/>
  <testcase name="testByteArrayEncoding" time="0.000" classname="org.dellroad.stuff.string.ByteArrayEncoderTest"/>
  <testcase name="testByteArrayEncoding" time="0.000" classname="org.dellroad.stuff.string.ByteArrayEncoderTest"/>
  <testcase name="testByteArrayEncoding" time="0.000" classname="org.dellroad.stuff.string.ByteArrayEncoderTest"/>
  <testcase name="testByteArrayEncoding" time="0.000" classname="org.dellroad.stuff.string.ByteArrayEncoderTest"/>
  <testcase name="testByteArrayEncoding" time="0.000" classname="org.dellroad.stuff.string.ByteArrayEncoderTest"/>
  <testcase name="testByteArrayEncoding" time="0.000" classname="org.dellroad.stuff.string.ByteArrayEncoderTest"/>
  <testcase name="testByteArrayEncoding" time="0.000" classname="org.dellroad.stuff.string.ByteArrayEncoderTest"/>
  <testcase name="testByteArrayEncoding" time="0.000" classname="org.dellroad.stuff.string.ByteArrayEncoderTest"/>
  <testcase name="testByteArrayEncoding" time="0.001" classname="org.dellroad.stuff.string.ByteArrayEncoderTest"/>
</testsuite>
