<?xml version="1.0" encoding="UTF-8"?>
<!-- Generated by org.testng.reporters.JUnitReportReporter -->
<testsuite hostname="ecx.dellroad.org" name="org.dellroad.stuff.string.StringEncoderTest" tests="22" failures="0" timestamp="20 Feb 2011 21:56:17 GMT" time="0.019" errors="0">
  <testcase name="testStringEncode" time="0.001" classname="org.dellroad.stuff.string.StringEncoderTest"/>
  <testcase name="testStringEncode" time="0.001" classname="org.dellroad.stuff.string.StringEncoderTest"/>
  <testcase name="testStringEncode" time="0.001" classname="org.dellroad.stuff.string.StringEncoderTest"/>
  <testcase name="testStringEncode" time="0.000" classname="org.dellroad.stuff.string.StringEncoderTest"/>
  <testcase name="testStringEncode" time="0.001" classname="org.dellroad.stuff.string.StringEncoderTest"/>
  <testcase name="testStringEncode" time="0.001" classname="org.dellroad.stuff.string.StringEncoderTest"/>
  <testcase name="testStringEncode" time="0.000" classname="org.dellroad.stuff.string.StringEncoderTest"/>
  <testcase name="testStringEncode" time="0.001" classname="org.dellroad.stuff.string.StringEncoderTest"/>
  <testcase name="testStringEncode" time="0.000" classname="org.dellroad.stuff.string.StringEncoderTest"/>
  <testcase name="testStringEncode" time="0.000" classname="org.dellroad.stuff.string.StringEncoderTest"/>
  <testcase name="testStringEncode" time="0.004" classname="org.dellroad.stuff.string.StringEncoderTest"/>
  <testcase name="testStringEncode" time="0.000" classname="org.dellroad.stuff.string.StringEncoderTest"/>
  <testcase name="testStringEncode" time="0.000" classname="org.dellroad.stuff.string.StringEncoderTest"/>
  <testcase name="testStringEncode" time="0.000" classname="org.dellroad.stuff.string.StringEncoderTest"/>
  <testcase name="testStringEncode" time="0.001" classname="org.dellroad.stuff.string.StringEncoderTest"/>
  <testcase name="testStringEncode" time="0.001" classname="org.dellroad.stuff.string.StringEncoderTest"/>
  <testcase name="testStringEncode" time="0.004" classname="org.dellroad.stuff.string.StringEncoderTest"/>
  <testcase name="testStringEncode" time="0.000" classname="org.dellroad.stuff.string.StringEncoderTest"/>
  <testcase name="testStringEncode" time="0.001" classname="org.dellroad.stuff.string.StringEncoderTest"/>
  <testcase name="testStringEncode" time="0.000" classname="org.dellroad.stuff.string.StringEncoderTest"/>
  <testcase name="testStringEncode" time="0.001" classname="org.dellroad.stuff.string.StringEncoderTest"/>
  <testcase name="testStringEncode" time="0.001" classname="org.dellroad.stuff.string.StringEncoderTest"/>
</testsuite>
