<?xml version="1.0" encoding="UTF-8"?>
<!-- Generated by org.testng.reporters.JUnitReportReporter -->
<testsuite hostname="retina.dellroad.org" name="org.dellroad.stuff.graph.TopologicalSorterTest" tests="30" failures="0" timestamp="28 Aug 2012 19:48:15 GMT" time="0.008" errors="0">
  <testcase name="testSort" time="0.001" classname="org.dellroad.stuff.graph.TopologicalSorterTest"/>
  <testcase name="testSort" time="0.000" classname="org.dellroad.stuff.graph.TopologicalSorterTest"/>
  <testcase name="testSort" time="0.000" classname="org.dellroad.stuff.graph.TopologicalSorterTest"/>
  <testcase name="testSort" time="0.000" classname="org.dellroad.stuff.graph.TopologicalSorterTest"/>
  <testcase name="testSort" time="0.000" classname="org.dellroad.stuff.graph.TopologicalSorterTest"/>
  <testcase name="testSort" time="0.001" classname="org.dellroad.stuff.graph.TopologicalSorterTest"/>
  <testcase name="testSort" time="0.001" classname="org.dellroad.stuff.graph.TopologicalSorterTest"/>
  <testcase name="testSort" time="0.000" classname="org.dellroad.stuff.graph.TopologicalSorterTest"/>
  <testcase name="testSort" time="0.000" classname="org.dellroad.stuff.graph.TopologicalSorterTest"/>
  <testcase name="testSort" time="0.000" classname="org.dellroad.stuff.graph.TopologicalSorterTest"/>
  <testcase name="testSort" time="0.000" classname="org.dellroad.stuff.graph.TopologicalSorterTest"/>
  <testcase name="testSort" time="0.000" classname="org.dellroad.stuff.graph.TopologicalSorterTest"/>
  <testcase name="testSort" time="0.000" classname="org.dellroad.stuff.graph.TopologicalSorterTest"/>
  <testcase name="testSort" time="0.000" classname="org.dellroad.stuff.graph.TopologicalSorterTest"/>
  <testcase name="testSort" time="0.001" classname="org.dellroad.stuff.graph.TopologicalSorterTest"/>
  <testcase name="testSort" time="0.001" classname="org.dellroad.stuff.graph.TopologicalSorterTest"/>
  <testcase name="testSort" time="0.001" classname="org.dellroad.stuff.graph.TopologicalSorterTest"/>
  <testcase name="testSort" time="0.000" classname="org.dellroad.stuff.graph.TopologicalSorterTest"/>
  <testcase name="testSort" time="0.000" classname="org.dellroad.stuff.graph.TopologicalSorterTest"/>
  <testcase name="testSort" time="0.001" classname="org.dellroad.stuff.graph.TopologicalSorterTest"/>
  <testcase name="testSort" time="0.000" classname="org.dellroad.stuff.graph.TopologicalSorterTest"/>
  <testcase name="testSort" time="0.001" classname="org.dellroad.stuff.graph.TopologicalSorterTest"/>
  <testcase name="testSort" time="0.000" classname="org.dellroad.stuff.graph.TopologicalSorterTest"/>
  <testcase name="testSort" time="0.000" classname="org.dellroad.stuff.graph.TopologicalSorterTest"/>
  <testcase name="testSort" time="0.000" classname="org.dellroad.stuff.graph.TopologicalSorterTest"/>
  <testcase name="testSort" time="0.000" classname="org.dellroad.stuff.graph.TopologicalSorterTest"/>
  <testcase name="testSort" time="0.000" classname="org.dellroad.stuff.graph.TopologicalSorterTest"/>
  <testcase name="testSort" time="0.000" classname="org.dellroad.stuff.graph.TopologicalSorterTest"/>
  <testcase name="testSort" time="0.000" classname="org.dellroad.stuff.graph.TopologicalSorterTest"/>
  <testcase name="testSort" time="0.000" classname="org.dellroad.stuff.graph.TopologicalSorterTest"/>
</testsuite>
