<?xml version="1.0" encoding="UTF-8"?>
<!-- Generated by org.testng.reporters.JUnitReportReporter -->
<testsuite hostname="retina.dellroad.org" name="org.dellroad.stuff.validation.SelfValidatingTest" tests="1" failures="0" timestamp="14 Dec 2012 16:08:45 GMT" time="0.004" errors="0">
  <testcase name="testValidation" time="0.004" classname="org.dellroad.stuff.validation.SelfValidatingTest"/>
</testsuite>
