<?xml version="1.0" encoding="UTF-8"?>
<!-- Generated by org.testng.reporters.JUnitReportReporter -->
<testsuite hostname="macbook.dellroad.org" name="org.dellroad.stuff.pobj.PersistentObjectTest" tests="2" failures="0" timestamp="31 Jan 2012 00:01:08 GMT" time="1.551" errors="0">
  <testcase name="testErrorUpdate" time="0.111" classname="org.dellroad.stuff.pobj.PersistentObjectTest"/>
  <testcase name="testBasic" time="1.440" classname="org.dellroad.stuff.pobj.PersistentObjectTest"/>
</testsuite>
