<?xml version="1.0" encoding="UTF-8"?>
<!-- Generated by org.testng.reporters.JUnitReportReporter -->
<testsuite hostname="macbook.dellroad.org" name="org.dellroad.stuff.io.HardLinkTest" tests="1" failures="0" timestamp="27 Apr 2012 14:47:51 GMT" time="0.073" errors="0">
  <testcase name="testHardLink" time="0.073" classname="org.dellroad.stuff.io.HardLinkTest"/>
</testsuite>
