<?xml version="1.0" encoding="UTF-8"?>
<!-- Generated by org.testng.reporters.JUnitReportReporter -->
<testsuite hostname="macbook.dellroad.org" name="org.dellroad.stuff.string.ByteArrayEncoderTest" tests="14" failures="0" timestamp="18 Jan 2012 16:34:46 GMT" time="0.008" errors="0">
  <testcase name="testByteArrayEncoding" time="0.004" classname="org.dellroad.stuff.string.ByteArrayEncoderTest"/>
  <testcase name="testByteArrayEncoding" time="0.000" classname="org.dellroad.stuff.string.ByteArrayEncoderTest"/>
  <testcase name="testByteArrayEncoding" time="0.001" classname="org.dellroad.stuff.string.ByteArrayEncoderTest"/>
  <testcase name="testByteArrayEncoding" time="0.001" classname="org.dellroad.stuff.string.ByteArrayEncoderTest"/>
  <testcase name="testByteArrayEncoding" time="0.000" classname="org.dellroad.stuff.string.ByteArrayEncoderTest"/>
  <testcase name="testByteArrayEncoding" time="0.001" classname="org.dellroad.stuff.string.ByteArrayEncoderTest"/>
  <testcase name="testByteArrayEncoding" time="0.000" classname="org.dellroad.stuff.string.ByteArrayEncoderTest"/>
  <testcase name="testByteArrayEncoding" time="0.000" classname="org.dellroad.stuff.string.ByteArrayEncoderTest"/>
  <testcase name="testByteArrayEncoding" time="0.000" classname="org.dellroad.stuff.string.ByteArrayEncoderTest"/>
  <testcase name="testByteArrayEncoding" time="0.001" classname="org.dellroad.stuff.string.ByteArrayEncoderTest"/>
  <testcase name="testByteArrayEncoding" time="0.000" classname="org.dellroad.stuff.string.ByteArrayEncoderTest"/>
  <testcase name="testByteArrayEncoding" time="0.000" classname="org.dellroad.stuff.string.ByteArrayEncoderTest"/>
  <testcase name="testByteArrayEncoding" time="0.000" classname="org.dellroad.stuff.string.ByteArrayEncoderTest"/>
  <testcase name="testByteArrayEncoding" time="0.000" classname="org.dellroad.stuff.string.ByteArrayEncoderTest"/>
</testsuite>
