<?xml version="1.0" encoding="UTF-8"?>
<!-- Generated by org.testng.reporters.JUnitReportReporter -->
<testsuite hostname="macbook.dellroad.org" name="org.dellroad.stuff.java.IdGeneratorTest" tests="1" failures="0" timestamp="29 Jun 2012 23:49:51 GMT" time="0.068" errors="0">
  <testcase name="testIdGenerator" time="0.068" classname="org.dellroad.stuff.java.IdGeneratorTest"/>
</testsuite>
