<?xml version="1.0" encoding="UTF-8"?>
<!-- Generated by org.testng.reporters.JUnitReportReporter -->
<testsuite hostname="ecx.dellroad.org" name="org.dellroad.stuff.io.StreamsTest" tests="1" failures="0" timestamp="31 Oct 2011 18:03:09 GMT" time="0.074" errors="0">
  <testcase name="testStreams" time="0.074" classname="org.dellroad.stuff.io.StreamsTest"/>
</testsuite>
