<?xml version="1.0" encoding="UTF-8"?>
<!-- Generated by org.testng.reporters.JUnitReportReporter -->
<testsuite hostname="ecx.dellroad.org" name="org.dellroad.stuff.schema.SchemaUpdateTest" tests="5" failures="0" timestamp="12 Oct 2011 14:41:06 GMT" time="0.093" errors="0">
  <testcase name="testEmptySchemaUpdate" time="0.003" classname="org.dellroad.stuff.schema.SchemaUpdateTest"/>
  <testcase name="testMultiActionSchemaUpdate" time="0.014" classname="org.dellroad.stuff.schema.SchemaUpdateTest"/>
  <testcase name="testBasicSchemaUpdate" time="0.071" classname="org.dellroad.stuff.schema.SchemaUpdateTest"/>
  <testcase name="testInitializeSchemaUpdate" time="0.003" classname="org.dellroad.stuff.schema.SchemaUpdateTest"/>
  <testcase name="testUnexpectedSchemaUpdate" time="0.002" classname="org.dellroad.stuff.schema.SchemaUpdateTest"/>
</testsuite>
