<?xml version="1.0" encoding="UTF-8"?>
<!-- Generated by org.testng.reporters.JUnitReportReporter -->
<testsuite hostname="retina.dellroad.org" name="org.dellroad.stuff.java.ProcessRunnerTest" tests="1" failures="0" timestamp="19 Oct 2012 21:51:05 GMT" time="0.023" errors="0">
  <testcase name="testProcessRunner" time="0.023" classname="org.dellroad.stuff.java.ProcessRunnerTest"/>
</testsuite>
