<?xml version="1.0" encoding="UTF-8"?>
<!-- Generated by org.testng.reporters.JUnitReportReporter -->
<testsuite hostname="macbook.dellroad.org" name="org.dellroad.stuff.io.AsyncInputStreamTest" tests="1" failures="0" timestamp="31 Jan 2012 00:01:08 GMT" time="0.105" errors="0">
  <testcase name="testAsyncInputStream" time="0.105" classname="org.dellroad.stuff.io.AsyncInputStreamTest"/>
</testsuite>
