<?xml version="1.0" encoding="UTF-8"?>
<!-- Generated by org.testng.reporters.JUnitReportReporter -->
<testsuite hostname="macbook.dellroad.org" name="org.dellroad.stuff.io.NullModemTest" tests="2" failures="0" timestamp="27 Apr 2012 14:47:51 GMT" time="0.010" errors="0">
  <testcase name="testOutput" time="0.002" classname="org.dellroad.stuff.io.NullModemTest"/>
  <testcase name="testInput" time="0.008" classname="org.dellroad.stuff.io.NullModemTest"/>
</testsuite>
