<?xml version="1.0" encoding="UTF-8"?>
<!-- Generated by org.testng.reporters.JUnitReportReporter -->
<testsuite hostname="macbook.dellroad.org" name="org.dellroad.stuff.io.HardLinkTest" tests="1" failures="0" timestamp="9 Jun 2012 15:25:10 GMT" time="0.444" errors="0">
  <testcase name="testHardLink" time="0.444" classname="org.dellroad.stuff.io.HardLinkTest"/>
</testsuite>
