<?xml version="1.0" encoding="UTF-8"?>
<!-- Generated by org.testng.reporters.JUnitReportReporter -->
<testsuite hostname="ecx.dellroad.org" name="org.dellroad.stuff.graph.TopologicalSorterTest" tests="30" failures="0" timestamp="21 Oct 2011 19:42:35 GMT" time="0.046" errors="0">
  <testcase name="testSort" time="0.000" classname="org.dellroad.stuff.graph.TopologicalSorterTest"/>
  <testcase name="testSort" time="0.000" classname="org.dellroad.stuff.graph.TopologicalSorterTest"/>
  <testcase name="testSort" time="0.001" classname="org.dellroad.stuff.graph.TopologicalSorterTest"/>
  <testcase name="testSort" time="0.001" classname="org.dellroad.stuff.graph.TopologicalSorterTest"/>
  <testcase name="testSort" time="0.001" classname="org.dellroad.stuff.graph.TopologicalSorterTest"/>
  <testcase name="testSort" time="0.001" classname="org.dellroad.stuff.graph.TopologicalSorterTest"/>
  <testcase name="testSort" time="0.002" classname="org.dellroad.stuff.graph.TopologicalSorterTest"/>
  <testcase name="testSort" time="0.002" classname="org.dellroad.stuff.graph.TopologicalSorterTest"/>
  <testcase name="testSort" time="0.001" classname="org.dellroad.stuff.graph.TopologicalSorterTest"/>
  <testcase name="testSort" time="0.002" classname="org.dellroad.stuff.graph.TopologicalSorterTest"/>
  <testcase name="testSort" time="0.002" classname="org.dellroad.stuff.graph.TopologicalSorterTest"/>
  <testcase name="testSort" time="0.001" classname="org.dellroad.stuff.graph.TopologicalSorterTest"/>
  <testcase name="testSort" time="0.002" classname="org.dellroad.stuff.graph.TopologicalSorterTest"/>
  <testcase name="testSort" time="0.001" classname="org.dellroad.stuff.graph.TopologicalSorterTest"/>
  <testcase name="testSort" time="0.001" classname="org.dellroad.stuff.graph.TopologicalSorterTest"/>
  <testcase name="testSort" time="0.003" classname="org.dellroad.stuff.graph.TopologicalSorterTest"/>
  <testcase name="testSort" time="0.001" classname="org.dellroad.stuff.graph.TopologicalSorterTest"/>
  <testcase name="testSort" time="0.001" classname="org.dellroad.stuff.graph.TopologicalSorterTest"/>
  <testcase name="testSort" time="0.002" classname="org.dellroad.stuff.graph.TopologicalSorterTest"/>
  <testcase name="testSort" time="0.001" classname="org.dellroad.stuff.graph.TopologicalSorterTest"/>
  <testcase name="testSort" time="0.003" classname="org.dellroad.stuff.graph.TopologicalSorterTest"/>
  <testcase name="testSort" time="0.001" classname="org.dellroad.stuff.graph.TopologicalSorterTest"/>
  <testcase name="testSort" time="0.002" classname="org.dellroad.stuff.graph.TopologicalSorterTest"/>
  <testcase name="testSort" time="0.001" classname="org.dellroad.stuff.graph.TopologicalSorterTest"/>
  <testcase name="testSort" time="0.001" classname="org.dellroad.stuff.graph.TopologicalSorterTest"/>
  <testcase name="testSort" time="0.001" classname="org.dellroad.stuff.graph.TopologicalSorterTest"/>
  <testcase name="testSort" time="0.001" classname="org.dellroad.stuff.graph.TopologicalSorterTest"/>
  <testcase name="testSort" time="0.007" classname="org.dellroad.stuff.graph.TopologicalSorterTest"/>
  <testcase name="testSort" time="0.002" classname="org.dellroad.stuff.graph.TopologicalSorterTest"/>
  <testcase name="testSort" time="0.001" classname="org.dellroad.stuff.graph.TopologicalSorterTest"/>
</testsuite>
