<?xml version="1.0" encoding="UTF-8"?>
<!-- Generated by org.testng.reporters.JUnitReportReporter -->
<testsuite hostname="macbook.dellroad.org" name="org.dellroad.stuff.io.NullModemTest" tests="2" failures="0" timestamp="20 Jan 2012 21:10:04 GMT" time="0.025" errors="0">
  <testcase name="testInput" time="0.023" classname="org.dellroad.stuff.io.NullModemTest"/>
  <testcase name="testOutput" time="0.002" classname="org.dellroad.stuff.io.NullModemTest"/>
</testsuite>
