<?xml version="1.0" encoding="UTF-8"?>
<!-- Generated by org.testng.reporters.JUnitReportReporter -->
<testsuite hostname="retina.dellroad.org" name="org.dellroad.stuff.io.AsyncInputStreamTest" tests="1" failures="0" timestamp="9 Apr 2013 22:32:08 GMT" time="0.005" errors="0">
  <testcase name="testAsyncInputStream" time="0.005" classname="org.dellroad.stuff.io.AsyncInputStreamTest"/>
</testsuite> <!-- org.dellroad.stuff.io.AsyncInputStreamTest -->
