<?xml version="1.0" encoding="UTF-8"?>
<!-- Generated by org.testng.reporters.JUnitReportReporter -->
<testsuite hostname="macbook.dellroad.org" name="org.dellroad.stuff.io.NullModemTest" tests="2" failures="0" timestamp="26 Mar 2012 22:26:11 GMT" time="0.002" errors="0">
  <testcase name="testOutput" time="0.001" classname="org.dellroad.stuff.io.NullModemTest"/>
  <testcase name="testInput" time="0.001" classname="org.dellroad.stuff.io.NullModemTest"/>
</testsuite>
