<?xml version="1.0" encoding="UTF-8"?>
<!-- Generated by org.testng.reporters.JUnitReportReporter -->
<testsuite hostname="ecx.dellroad.org" name="org.dellroad.stuff.io.StreamsTest" tests="1" failures="0" timestamp="28 Oct 2011 22:01:19 GMT" time="0.217" errors="0">
  <testcase name="testStreams" time="0.217" classname="org.dellroad.stuff.io.StreamsTest"/>
</testsuite>
