<?xml version="1.0" encoding="UTF-8"?>
<!-- Generated by org.testng.reporters.JUnitReportReporter -->
<testsuite hostname="macbook.dellroad.org" name="org.dellroad.stuff.jibx.ParseUtilTest" tests="27" failures="0" timestamp="16 Dec 2011 20:10:01 GMT" time="0.046" errors="0">
  <testcase name="testParse" time="0.001" classname="org.dellroad.stuff.jibx.ParseUtilTest"/>
  <testcase name="testParse" time="0.000" classname="org.dellroad.stuff.jibx.ParseUtilTest"/>
  <testcase name="testParse" time="0.028" classname="org.dellroad.stuff.jibx.ParseUtilTest"/>
  <testcase name="testParse" time="0.000" classname="org.dellroad.stuff.jibx.ParseUtilTest"/>
  <testcase name="testParse" time="0.001" classname="org.dellroad.stuff.jibx.ParseUtilTest"/>
  <testcase name="testParse" time="0.000" classname="org.dellroad.stuff.jibx.ParseUtilTest"/>
  <testcase name="testParse" time="0.001" classname="org.dellroad.stuff.jibx.ParseUtilTest"/>
  <testcase name="testParse" time="0.000" classname="org.dellroad.stuff.jibx.ParseUtilTest"/>
  <testcase name="testParse" time="0.001" classname="org.dellroad.stuff.jibx.ParseUtilTest"/>
  <testcase name="testParse" time="0.000" classname="org.dellroad.stuff.jibx.ParseUtilTest"/>
  <testcase name="testParse" time="0.001" classname="org.dellroad.stuff.jibx.ParseUtilTest"/>
  <testcase name="testParse" time="0.002" classname="org.dellroad.stuff.jibx.ParseUtilTest"/>
  <testcase name="testParse" time="0.001" classname="org.dellroad.stuff.jibx.ParseUtilTest"/>
  <testcase name="testParse" time="0.001" classname="org.dellroad.stuff.jibx.ParseUtilTest"/>
  <testcase name="testParse" time="0.001" classname="org.dellroad.stuff.jibx.ParseUtilTest"/>
  <testcase name="testParse" time="0.001" classname="org.dellroad.stuff.jibx.ParseUtilTest"/>
  <testcase name="testParse" time="0.001" classname="org.dellroad.stuff.jibx.ParseUtilTest"/>
  <testcase name="testParse" time="0.002" classname="org.dellroad.stuff.jibx.ParseUtilTest"/>
  <testcase name="testParse" time="0.000" classname="org.dellroad.stuff.jibx.ParseUtilTest"/>
  <testcase name="testParse" time="0.001" classname="org.dellroad.stuff.jibx.ParseUtilTest"/>
  <testcase name="testParse" time="0.000" classname="org.dellroad.stuff.jibx.ParseUtilTest"/>
  <testcase name="testParse" time="0.001" classname="org.dellroad.stuff.jibx.ParseUtilTest"/>
  <testcase name="testParse" time="0.001" classname="org.dellroad.stuff.jibx.ParseUtilTest"/>
  <testcase name="testParse" time="0.000" classname="org.dellroad.stuff.jibx.ParseUtilTest"/>
  <testcase name="testParse" time="0.000" classname="org.dellroad.stuff.jibx.ParseUtilTest"/>
  <testcase name="testParse" time="0.000" classname="org.dellroad.stuff.jibx.ParseUtilTest"/>
  <testcase name="testParse" time="0.001" classname="org.dellroad.stuff.jibx.ParseUtilTest"/>
</testsuite>
