<?xml version="1.0" encoding="UTF-8"?>
<!-- Generated by org.testng.reporters.JUnitReportReporter -->
<testsuite hostname="macbook.dellroad.org" name="org.dellroad.stuff.validation.SelfValidatingTest" tests="1" failures="0" timestamp="9 Jun 2012 15:25:10 GMT" time="0.002" errors="0">
  <testcase name="testValidation" time="0.002" classname="org.dellroad.stuff.validation.SelfValidatingTest"/>
</testsuite>
