<?xml version="1.0" encoding="UTF-8"?>
<!-- Generated by org.testng.reporters.JUnitReportReporter -->
<testsuite hostname="retina.dellroad.org" name="org.dellroad.stuff.validation.SelfValidatingTest" tests="1" failures="0" timestamp="28 Aug 2012 19:48:15 GMT" time="0.003" errors="0">
  <testcase name="testValidation" time="0.003" classname="org.dellroad.stuff.validation.SelfValidatingTest"/>
</testsuite>
