<?xml version="1.0" encoding="UTF-8"?>
<!-- Generated by org.testng.reporters.JUnitReportReporter -->
<testsuite hostname="macbook.dellroad.org" name="org.dellroad.stuff.io.StreamsTest" tests="1" failures="0" timestamp="16 Dec 2011 20:10:01 GMT" time="0.003" errors="0">
  <testcase name="testStreams" time="0.003" classname="org.dellroad.stuff.io.StreamsTest"/>
</testsuite>
