<?xml version="1.0" encoding="UTF-8"?>
<!-- Generated by org.testng.reporters.JUnitReportReporter -->
<testsuite hostname="retina.dellroad.org" name="org.dellroad.stuff.pobj.PersistentObjectTest" tests="2" failures="0" timestamp="14 Dec 2012 16:08:45 GMT" time="0.509" errors="0">
  <testcase name="testBasic" time="0.451" classname="org.dellroad.stuff.pobj.PersistentObjectTest"/>
  <testcase name="testErrorUpdate" time="0.058" classname="org.dellroad.stuff.pobj.PersistentObjectTest"/>
</testsuite>
