<?xml version="1.0" encoding="UTF-8"?>
<!-- Generated by org.testng.reporters.JUnitReportReporter -->
<testsuite hostname="macbook.dellroad.org" name="org.dellroad.stuff.jibx.IdMapperTest" tests="2" failures="0" timestamp="16 Apr 2012 22:32:25 GMT" time="0.038" errors="0">
  <testcase name="testIdMapper1" time="0.036" classname="org.dellroad.stuff.jibx.IdMapperTest"/>
  <testcase name="testIdMapper2" time="0.002" classname="org.dellroad.stuff.jibx.IdMapperTest"/>
</testsuite>
