<?xml version="1.0" encoding="UTF-8"?>
<!-- Generated by org.testng.reporters.JUnitReportReporter -->
<testsuite hostname="ecx.dellroad.org" name="org.dellroad.stuff.jibx.ParseUtilTest" tests="23" failures="0" timestamp="18 Feb 2011 15:24:12 GMT" time="0.032" errors="0">
  <testcase name="testParse" time="0.001" classname="org.dellroad.stuff.jibx.ParseUtilTest"/>
  <testcase name="testParse" time="0.001" classname="org.dellroad.stuff.jibx.ParseUtilTest"/>
  <testcase name="testParse" time="0.001" classname="org.dellroad.stuff.jibx.ParseUtilTest"/>
  <testcase name="testParse" time="0.004" classname="org.dellroad.stuff.jibx.ParseUtilTest"/>
  <testcase name="testParse" time="0.001" classname="org.dellroad.stuff.jibx.ParseUtilTest"/>
  <testcase name="testParse" time="0.001" classname="org.dellroad.stuff.jibx.ParseUtilTest"/>
  <testcase name="testParse" time="0.000" classname="org.dellroad.stuff.jibx.ParseUtilTest"/>
  <testcase name="testParse" time="0.001" classname="org.dellroad.stuff.jibx.ParseUtilTest"/>
  <testcase name="testParse" time="0.000" classname="org.dellroad.stuff.jibx.ParseUtilTest"/>
  <testcase name="testParse" time="0.001" classname="org.dellroad.stuff.jibx.ParseUtilTest"/>
  <testcase name="testParse" time="0.001" classname="org.dellroad.stuff.jibx.ParseUtilTest"/>
  <testcase name="testParse" time="0.000" classname="org.dellroad.stuff.jibx.ParseUtilTest"/>
  <testcase name="testParse" time="0.001" classname="org.dellroad.stuff.jibx.ParseUtilTest"/>
  <testcase name="testParse" time="0.001" classname="org.dellroad.stuff.jibx.ParseUtilTest"/>
  <testcase name="testParse" time="0.000" classname="org.dellroad.stuff.jibx.ParseUtilTest"/>
  <testcase name="testParse" time="0.001" classname="org.dellroad.stuff.jibx.ParseUtilTest"/>
  <testcase name="testParse" time="0.001" classname="org.dellroad.stuff.jibx.ParseUtilTest"/>
  <testcase name="testParse" time="0.001" classname="org.dellroad.stuff.jibx.ParseUtilTest"/>
  <testcase name="testParse" time="0.001" classname="org.dellroad.stuff.jibx.ParseUtilTest"/>
  <testcase name="testParse" time="0.010" classname="org.dellroad.stuff.jibx.ParseUtilTest"/>
  <testcase name="testParse" time="0.001" classname="org.dellroad.stuff.jibx.ParseUtilTest"/>
  <testcase name="testParse" time="0.001" classname="org.dellroad.stuff.jibx.ParseUtilTest"/>
  <testcase name="testParse" time="0.002" classname="org.dellroad.stuff.jibx.ParseUtilTest"/>
</testsuite>
