<?xml version="1.0" encoding="UTF-8"?>
<!-- Generated by org.testng.reporters.JUnitReportReporter -->
<testsuite hostname="macbook.dellroad.org" name="org.dellroad.stuff.io.AsyncInputStreamTest" tests="1" failures="0" timestamp="10 Jan 2012 17:10:13 GMT" time="0.112" errors="0">
  <testcase name="testAsyncInputStream" time="0.112" classname="org.dellroad.stuff.io.AsyncInputStreamTest"/>
</testsuite>
