<?xml version="1.0" encoding="UTF-8"?>
<!-- Generated by org.testng.reporters.JUnitReportReporter -->
<testsuite hostname="ecx.dellroad.org" name="org.dellroad.stuff.string.StringEncoderTest" tests="22" failures="0" timestamp="25 Apr 2011 18:38:32 GMT" time="0.009" errors="0">
  <testcase name="testStringEncode" time="0.000" classname="org.dellroad.stuff.string.StringEncoderTest"/>
  <testcase name="testStringEncode" time="0.001" classname="org.dellroad.stuff.string.StringEncoderTest"/>
  <testcase name="testStringEncode" time="0.000" classname="org.dellroad.stuff.string.StringEncoderTest"/>
  <testcase name="testStringEncode" time="0.001" classname="org.dellroad.stuff.string.StringEncoderTest"/>
  <testcase name="testStringEncode" time="0.000" classname="org.dellroad.stuff.string.StringEncoderTest"/>
  <testcase name="testStringEncode" time="0.000" classname="org.dellroad.stuff.string.StringEncoderTest"/>
  <testcase name="testStringEncode" time="0.000" classname="org.dellroad.stuff.string.StringEncoderTest"/>
  <testcase name="testStringEncode" time="0.000" classname="org.dellroad.stuff.string.StringEncoderTest"/>
  <testcase name="testStringEncode" time="0.000" classname="org.dellroad.stuff.string.StringEncoderTest"/>
  <testcase name="testStringEncode" time="0.000" classname="org.dellroad.stuff.string.StringEncoderTest"/>
  <testcase name="testStringEncode" time="0.000" classname="org.dellroad.stuff.string.StringEncoderTest"/>
  <testcase name="testStringEncode" time="0.002" classname="org.dellroad.stuff.string.StringEncoderTest"/>
  <testcase name="testStringEncode" time="0.000" classname="org.dellroad.stuff.string.StringEncoderTest"/>
  <testcase name="testStringEncode" time="0.001" classname="org.dellroad.stuff.string.StringEncoderTest"/>
  <testcase name="testStringEncode" time="0.000" classname="org.dellroad.stuff.string.StringEncoderTest"/>
  <testcase name="testStringEncode" time="0.000" classname="org.dellroad.stuff.string.StringEncoderTest"/>
  <testcase name="testStringEncode" time="0.000" classname="org.dellroad.stuff.string.StringEncoderTest"/>
  <testcase name="testStringEncode" time="0.001" classname="org.dellroad.stuff.string.StringEncoderTest"/>
  <testcase name="testStringEncode" time="0.000" classname="org.dellroad.stuff.string.StringEncoderTest"/>
  <testcase name="testStringEncode" time="0.001" classname="org.dellroad.stuff.string.StringEncoderTest"/>
  <testcase name="testStringEncode" time="0.001" classname="org.dellroad.stuff.string.StringEncoderTest"/>
  <testcase name="testStringEncode" time="0.001" classname="org.dellroad.stuff.string.StringEncoderTest"/>
</testsuite>
