<?xml version="1.0" encoding="UTF-8"?>
<!-- Generated by org.testng.reporters.JUnitReportReporter -->
<testsuite hostname="macbook.dellroad.org" name="org.dellroad.stuff.jibx.IdMapperTest" tests="2" failures="0" timestamp="29 Jun 2012 23:49:51 GMT" time="0.058" errors="0">
  <testcase name="testIdMapper1" time="0.053" classname="org.dellroad.stuff.jibx.IdMapperTest"/>
  <testcase name="testIdMapper2" time="0.005" classname="org.dellroad.stuff.jibx.IdMapperTest"/>
</testsuite>
