<?xml version="1.0" encoding="UTF-8"?>
<!-- Generated by org.testng.reporters.JUnitReportReporter -->
<testsuite hostname="macbook.dellroad.org" name="org.dellroad.stuff.validation.SelfValidatingTest" tests="1" failures="0" timestamp="10 Jan 2012 17:10:13 GMT" time="0.078" errors="0">
  <testcase name="testValidation" time="0.078" classname="org.dellroad.stuff.validation.SelfValidatingTest"/>
</testsuite>
