<?xml version="1.0" encoding="UTF-8"?>
<!-- Generated by org.testng.reporters.JUnitReportReporter -->
<testsuite hostname="retina.dellroad.org" name="org.dellroad.stuff.io.AsyncInputStreamTest" tests="1" failures="0" timestamp="19 Oct 2012 21:51:05 GMT" time="0.049" errors="0">
  <testcase name="testAsyncInputStream" time="0.049" classname="org.dellroad.stuff.io.AsyncInputStreamTest"/>
</testsuite>
