<?xml version="1.0" encoding="UTF-8"?>
<!-- Generated by org.testng.reporters.JUnitReportReporter -->
<testsuite hostname="macbook.dellroad.org" name="org.dellroad.stuff.pobj.PersistentObjectTest" tests="2" failures="0" timestamp="17 Feb 2012 02:51:38 GMT" time="0.925" errors="0">
  <testcase name="testBasic" time="0.776" classname="org.dellroad.stuff.pobj.PersistentObjectTest"/>
  <testcase name="testErrorUpdate" time="0.149" classname="org.dellroad.stuff.pobj.PersistentObjectTest"/>
</testsuite>
