<?xml version="1.0" encoding="UTF-8"?>
<!-- Generated by org.testng.reporters.JUnitReportReporter -->
<testsuite hostname="macbook.dellroad.org" name="org.dellroad.stuff.pobj.PersistentObjectTest" tests="2" failures="0" timestamp="20 Jan 2012 21:10:04 GMT" time="0.953" errors="0">
  <testcase name="testBasic" time="0.833" classname="org.dellroad.stuff.pobj.PersistentObjectTest"/>
  <testcase name="testErrorUpdate" time="0.120" classname="org.dellroad.stuff.pobj.PersistentObjectTest"/>
</testsuite>
