<?xml version="1.0" encoding="UTF-8"?>
<!-- Generated by org.testng.reporters.JUnitReportReporter -->
<testsuite hostname="macbook.dellroad.org" name="org.dellroad.stuff.string.SimpleObjectParserTest" tests="12" failures="0" timestamp="10 Jan 2012 17:10:13 GMT" time="0.031" errors="0">
  <testcase name="testNamedGroupParse" time="0.014" classname="org.dellroad.stuff.string.SimpleObjectParserTest"/>
  <testcase name="testNamedGroupParse" time="0.000" classname="org.dellroad.stuff.string.SimpleObjectParserTest"/>
  <testcase name="testNamedGroupParse" time="0.001" classname="org.dellroad.stuff.string.SimpleObjectParserTest"/>
  <testcase name="testNamedGroupParse" time="0.001" classname="org.dellroad.stuff.string.SimpleObjectParserTest"/>
  <testcase name="testNamedGroupParse" time="0.000" classname="org.dellroad.stuff.string.SimpleObjectParserTest"/>
  <testcase name="testNamedGroupParse" time="0.001" classname="org.dellroad.stuff.string.SimpleObjectParserTest"/>
  <testcase name="testNamedGroupParse" time="0.000" classname="org.dellroad.stuff.string.SimpleObjectParserTest"/>
  <testcase name="testParse" time="0.001" classname="org.dellroad.stuff.string.SimpleObjectParserTest"/>
  <testcase name="testNamedGroupParse" time="0.001" classname="org.dellroad.stuff.string.SimpleObjectParserTest"/>
  <testcase name="testParse" time="0.000" classname="org.dellroad.stuff.string.SimpleObjectParserTest"/>
  <testcase name="testParse" time="0.012" classname="org.dellroad.stuff.string.SimpleObjectParserTest"/>
  <testcase name="testParse" time="0.000" classname="org.dellroad.stuff.string.SimpleObjectParserTest"/>
</testsuite>
