<?xml version="1.0" encoding="UTF-8"?>
<!-- Generated by org.testng.reporters.JUnitReportReporter -->
<testsuite hostname="macbook.dellroad.org" name="org.dellroad.stuff.io.NullModemTest" tests="2" failures="0" timestamp="10 Jan 2012 17:10:13 GMT" time="0.006" errors="0">
  <testcase name="testInput" time="0.003" classname="org.dellroad.stuff.io.NullModemTest"/>
  <testcase name="testOutput" time="0.003" classname="org.dellroad.stuff.io.NullModemTest"/>
</testsuite>
