<?xml version="1.0" encoding="UTF-8"?>
<!-- Generated by org.testng.reporters.JUnitReportReporter -->
<testsuite hostname="ecx.dellroad.org" name="org.dellroad.stuff.io.AsyncInputStreamTest" tests="1" failures="0" timestamp="18 Sep 2011 16:00:04 GMT" time="0.004" errors="0">
  <testcase name="testAsyncInputStream" time="0.004" classname="org.dellroad.stuff.io.AsyncInputStreamTest"/>
</testsuite>
