<?xml version="1.0" encoding="UTF-8"?>
<!-- Generated by org.testng.reporters.JUnitReportReporter -->
<testsuite hostname="retina.dellroad.org" name="org.dellroad.stuff.pobj.PersistentObjectTest" tests="2" failures="0" timestamp="19 Oct 2012 21:51:05 GMT" time="0.513" errors="0">
  <testcase name="testErrorUpdate" time="0.432" classname="org.dellroad.stuff.pobj.PersistentObjectTest"/>
  <testcase name="testBasic" time="0.081" classname="org.dellroad.stuff.pobj.PersistentObjectTest"/>
</testsuite>
