<?xml version="1.0" encoding="UTF-8"?>
<!-- Generated by org.testng.reporters.JUnitReportReporter -->
<testsuite hostname="retina.dellroad.org" name="org.dellroad.stuff.pobj.PersistentObjectTest" tests="2" failures="0" timestamp="27 Nov 2012 18:52:17 GMT" time="0.508" errors="0">
  <testcase name="testErrorUpdate" time="0.065" classname="org.dellroad.stuff.pobj.PersistentObjectTest"/>
  <testcase name="testBasic" time="0.443" classname="org.dellroad.stuff.pobj.PersistentObjectTest"/>
</testsuite>
