<?xml version="1.0" encoding="UTF-8"?>
<!-- Generated by org.testng.reporters.JUnitReportReporter -->
<testsuite hostname="macbook.dellroad.org" name="org.dellroad.stuff.io.AsyncInputStreamTest" tests="1" failures="0" timestamp="20 Jan 2012 21:10:04 GMT" time="0.106" errors="0">
  <testcase name="testAsyncInputStream" time="0.106" classname="org.dellroad.stuff.io.AsyncInputStreamTest"/>
</testsuite>
