<?xml version="1.0" encoding="UTF-8"?>
<!-- Generated by org.testng.reporters.JUnitReportReporter -->
<testsuite hostname="macbook.dellroad.org" name="org.dellroad.stuff.io.AsyncInputStreamTest" tests="1" failures="0" timestamp="27 Apr 2012 14:47:51 GMT" time="0.102" errors="0">
  <testcase name="testAsyncInputStream" time="0.102" classname="org.dellroad.stuff.io.AsyncInputStreamTest"/>
</testsuite>
