<?xml version="1.0" encoding="UTF-8"?>
<!-- Generated by org.testng.reporters.JUnitReportReporter -->
<testsuite hostname="retina.dellroad.org" name="org.dellroad.stuff.java.IdGeneratorTest" tests="1" failures="0" timestamp="24 Aug 2012 17:21:53 GMT" time="0.032" errors="0">
  <testcase name="testIdGenerator" time="0.032" classname="org.dellroad.stuff.java.IdGeneratorTest"/>
</testsuite>
