<?xml version="1.0" encoding="UTF-8"?>
<!-- Generated by org.testng.reporters.JUnitReportReporter -->
<testsuite hostname="retina.dellroad.org" name="org.dellroad.stuff.java.ProcessRunnerTest" tests="1" failures="0" timestamp="14 Dec 2012 16:08:45 GMT" time="0.026" errors="0">
  <testcase name="testProcessRunner" time="0.026" classname="org.dellroad.stuff.java.ProcessRunnerTest"/>
</testsuite>
