<?xml version="1.0" encoding="UTF-8"?>
<!-- Generated by org.testng.reporters.JUnitReportReporter -->
<testsuite hostname="macbook.dellroad.org" name="org.dellroad.stuff.io.StreamsTest" tests="1" failures="0" timestamp="17 Feb 2012 02:51:38 GMT" time="0.077" errors="0">
  <testcase name="testStreams" time="0.077" classname="org.dellroad.stuff.io.StreamsTest"/>
</testsuite>
