<?xml version="1.0" encoding="UTF-8"?>
<!-- Generated by org.testng.reporters.JUnitReportReporter -->
<testsuite hostname="retina.dellroad.org" name="org.dellroad.stuff.schema.SchemaUpdateTest" tests="5" failures="0" timestamp="24 Aug 2012 17:21:53 GMT" time="0.259" errors="0">
  <testcase name="testEmptySchemaUpdate" time="0.039" classname="org.dellroad.stuff.schema.SchemaUpdateTest"/>
  <testcase name="testBasicSchemaUpdate" time="0.076" classname="org.dellroad.stuff.schema.SchemaUpdateTest"/>
  <testcase name="testMultiActionSchemaUpdate" time="0.044" classname="org.dellroad.stuff.schema.SchemaUpdateTest"/>
  <testcase name="testInitializeSchemaUpdate" time="0.066" classname="org.dellroad.stuff.schema.SchemaUpdateTest"/>
  <testcase name="testUnexpectedSchemaUpdate" time="0.034" classname="org.dellroad.stuff.schema.SchemaUpdateTest"/>
</testsuite>
