<?xml version="1.0" encoding="UTF-8"?>
<!-- Generated by org.testng.reporters.JUnitReportReporter -->
<testsuite hostname="macbook.dellroad.org" name="org.dellroad.stuff.java.IdGeneratorTest" tests="1" failures="0" timestamp="17 Feb 2012 02:51:38 GMT" time="0.061" errors="0">
  <testcase name="testIdGenerator" time="0.061" classname="org.dellroad.stuff.java.IdGeneratorTest"/>
</testsuite>
