<?xml version="1.0" encoding="UTF-8"?>
<!-- Generated by org.testng.reporters.JUnitReportReporter -->
<testsuite hostname="macbook.dellroad.org" name="org.dellroad.stuff.pobj.PersistentObjectTest" tests="2" failures="0" timestamp="29 Jun 2012 23:49:51 GMT" time="1.417" errors="0">
  <testcase name="testBasic" time="1.197" classname="org.dellroad.stuff.pobj.PersistentObjectTest"/>
  <testcase name="testErrorUpdate" time="0.220" classname="org.dellroad.stuff.pobj.PersistentObjectTest"/>
</testsuite>
