<?xml version="1.0" encoding="UTF-8"?>
<!-- Generated by org.testng.reporters.JUnitReportReporter -->
<testsuite hostname="retina.dellroad.org" name="org.dellroad.stuff.java.IdGeneratorTest" tests="1" failures="0" timestamp="27 Nov 2012 18:52:17 GMT" time="0.035" errors="0">
  <testcase name="testIdGenerator" time="0.035" classname="org.dellroad.stuff.java.IdGeneratorTest"/>
</testsuite>
