<?xml version="1.0" encoding="UTF-8"?>
<!-- Generated by org.testng.reporters.JUnitReportReporter -->
<testsuite hostname="ecx.dellroad.org" name="org.dellroad.stuff.io.AsyncInputStreamTest" tests="1" failures="0" timestamp="28 Aug 2011 20:33:02 GMT" time="0.003" errors="0">
  <testcase name="testAsyncInputStream" time="0.003" classname="org.dellroad.stuff.io.AsyncInputStreamTest"/>
</testsuite>
