<?xml version="1.0" encoding="UTF-8"?>
<!-- Generated by org.testng.reporters.JUnitReportReporter -->
<testsuite hostname="macbook.dellroad.org" name="org.dellroad.stuff.pobj.PersistentObjectTest" tests="2" failures="0" timestamp="16 Apr 2012 22:32:25 GMT" time="0.914" errors="0">
  <testcase name="testErrorUpdate" time="0.703" classname="org.dellroad.stuff.pobj.PersistentObjectTest"/>
  <testcase name="testBasic" time="0.211" classname="org.dellroad.stuff.pobj.PersistentObjectTest"/>
</testsuite>
