<?xml version="1.0" encoding="UTF-8"?>
<!-- Generated by org.testng.reporters.JUnitReportReporter -->
<testsuite hostname="ecx.dellroad.org" name="org.dellroad.stuff.io.NullModemTest" tests="2" failures="0" timestamp="21 Oct 2011 19:42:35 GMT" time="0.004" errors="0">
  <testcase name="testInput" time="0.002" classname="org.dellroad.stuff.io.NullModemTest"/>
  <testcase name="testOutput" time="0.002" classname="org.dellroad.stuff.io.NullModemTest"/>
</testsuite>
