<?xml version="1.0" encoding="UTF-8"?>
<!-- Generated by org.testng.reporters.JUnitReportReporter -->
<testsuite hostname="retina.dellroad.org" name="org.dellroad.stuff.java.ThreadLocalHolderTest" tests="1" failures="0" timestamp="19 Oct 2012 21:51:05 GMT" time="0.000" errors="0">
  <testcase name="testThreadLocalHolder" time="0.000" classname="org.dellroad.stuff.java.ThreadLocalHolderTest"/>
</testsuite>
